{"/Users/martinchin/Desktop/Prenetics/backend/index.js": {"path":"/Users/martinchin/Desktop/Prenetics/backend/index.js","statementMap":{"0":{"start":{"line":1,"column":0},"end":{"line":1,"column":27}},"1":{"start":{"line":2,"column":17},"end":{"line":2,"column":54}},"2":{"start":{"line":3,"column":13},"end":{"line":3,"column":37}},"3":{"start":{"line":4,"column":17},"end":{"line":4,"column":48}},"4":{"start":{"line":5,"column":13},"end":{"line":5,"column":38}},"5":{"start":{"line":6,"column":13},"end":{"line":6,"column":28}},"6":{"start":{"line":7,"column":15},"end":{"line":7,"column":40}},"7":{"start":{"line":8,"column":15},"end":{"line":8,"column":40}},"8":{"start":{"line":9,"column":14},"end":{"line":9,"column":39}},"9":{"start":{"line":10,"column":17},"end":{"line":10,"column":45}},"10":{"start":{"line":11,"column":16},"end":{"line":11,"column":43}},"11":{"start":{"line":12,"column":20},"end":{"line":12,"column":51}},"12":{"start":{"line":15,"column":16},"end":{"line":15,"column":101}},"13":{"start":{"line":17,"column":19},"end":{"line":17,"column":41}},"14":{"start":{"line":19,"column":0},"end":{"line":21,"column":3}},"15":{"start":{"line":20,"column":2},"end":{"line":20,"column":48}}},"fnMap":{"0":{"name":"(anonymous_0)","decl":{"start":{"line":19,"column":24},"end":{"line":19,"column":25}},"loc":{"start":{"line":19,"column":30},"end":{"line":21,"column":1}},"line":19}},"branchMap":{"0":{"loc":{"start":{"line":2,"column":17},"end":{"line":2,"column":54}},"type":"binary-expr","locations":[{"start":{"line":2,"column":17},"end":{"line":2,"column":37}},{"start":{"line":2,"column":41},"end":{"line":2,"column":54}}],"line":2},"1":{"loc":{"start":{"line":3,"column":13},"end":{"line":3,"column":37}},"type":"binary-expr","locations":[{"start":{"line":3,"column":13},"end":{"line":3,"column":29}},{"start":{"line":3,"column":33},"end":{"line":3,"column":37}}],"line":3}},"s":{"0":0,"1":0,"2":0,"3":0,"4":0,"5":0,"6":0,"7":0,"8":0,"9":0,"10":0,"11":0,"12":0,"13":0,"14":0,"15":0},"f":{"0":0},"b":{"0":[0,0],"1":[0,0]},"hash":"348b9c8a37cb8d4d3596b9afaffe398637b5592a"}
,"/Users/martinchin/Desktop/Prenetics/backend/knexfile.js": {"path":"/Users/martinchin/Desktop/Prenetics/backend/knexfile.js","statementMap":{"0":{"start":{"line":1,"column":0},"end":{"line":1,"column":27}},"1":{"start":{"line":3,"column":0},"end":{"line":73,"column":2}},"2":{"start":{"line":18,"column":8},"end":{"line":20,"column":11}},"3":{"start":{"line":19,"column":10},"end":{"line":19,"column":24}},"4":{"start":{"line":41,"column":8},"end":{"line":43,"column":11}},"5":{"start":{"line":42,"column":10},"end":{"line":42,"column":24}},"6":{"start":{"line":64,"column":8},"end":{"line":66,"column":11}},"7":{"start":{"line":65,"column":10},"end":{"line":65,"column":24}}},"fnMap":{"0":{"name":"(anonymous_0)","decl":{"start":{"line":17,"column":19},"end":{"line":17,"column":20}},"loc":{"start":{"line":17,"column":33},"end":{"line":21,"column":7}},"line":17},"1":{"name":"(anonymous_1)","decl":{"start":{"line":18,"column":43},"end":{"line":18,"column":44}},"loc":{"start":{"line":18,"column":50},"end":{"line":20,"column":9}},"line":18},"2":{"name":"(anonymous_2)","decl":{"start":{"line":40,"column":19},"end":{"line":40,"column":20}},"loc":{"start":{"line":40,"column":33},"end":{"line":44,"column":7}},"line":40},"3":{"name":"(anonymous_3)","decl":{"start":{"line":41,"column":43},"end":{"line":41,"column":44}},"loc":{"start":{"line":41,"column":50},"end":{"line":43,"column":9}},"line":41},"4":{"name":"(anonymous_4)","decl":{"start":{"line":63,"column":19},"end":{"line":63,"column":20}},"loc":{"start":{"line":63,"column":33},"end":{"line":67,"column":7}},"line":63},"5":{"name":"(anonymous_5)","decl":{"start":{"line":64,"column":43},"end":{"line":64,"column":44}},"loc":{"start":{"line":64,"column":50},"end":{"line":66,"column":9}},"line":64}},"branchMap":{},"s":{"0":1,"1":1,"2":0,"3":0,"4":0,"5":0,"6":0,"7":0},"f":{"0":0,"1":0,"2":0,"3":0,"4":0,"5":0},"b":{},"_coverageSchema":"43e27e138ebf9cfc5966b082cf9a028302ed4184","hash":"c47ced5f56f177dc2a78121ab7241dd4489f4dea"}
,"/Users/martinchin/Desktop/Prenetics/backend/server/main.js": {"path":"/Users/martinchin/Desktop/Prenetics/backend/server/main.js","statementMap":{"0":{"start":{"line":1,"column":0},"end":{"line":1,"column":27}},"1":{"start":{"line":2,"column":16},"end":{"line":2,"column":34}},"2":{"start":{"line":3,"column":13},"end":{"line":3,"column":28}},"3":{"start":{"line":4,"column":12},"end":{"line":4,"column":35}},"4":{"start":{"line":5,"column":15},"end":{"line":5,"column":32}},"5":{"start":{"line":6,"column":15},"end":{"line":6,"column":32}},"6":{"start":{"line":7,"column":12},"end":{"line":7,"column":26}},"7":{"start":{"line":8,"column":17},"end":{"line":8,"column":45}},"8":{"start":{"line":10,"column":0},"end":{"line":46,"column":2}},"9":{"start":{"line":11,"column":52},"end":{"line":11,"column":59}},"10":{"start":{"line":12,"column":55},"end":{"line":12,"column":63}},"11":{"start":{"line":13,"column":48},"end":{"line":13,"column":59}},"12":{"start":{"line":15,"column":23},"end":{"line":15,"column":45}},"13":{"start":{"line":16,"column":2},"end":{"line":16,"column":28}},"14":{"start":{"line":18,"column":14},"end":{"line":18,"column":23}},"15":{"start":{"line":19,"column":2},"end":{"line":19,"column":26}},"16":{"start":{"line":20,"column":2},"end":{"line":20,"column":50}},"17":{"start":{"line":21,"column":2},"end":{"line":21,"column":18}},"18":{"start":{"line":22,"column":2},"end":{"line":22,"column":30}},"19":{"start":{"line":24,"column":22},"end":{"line":24,"column":79}},"20":{"start":{"line":25,"column":25},"end":{"line":25,"column":64}},"21":{"start":{"line":26,"column":22},"end":{"line":26,"column":58}},"22":{"start":{"line":28,"column":28},"end":{"line":28,"column":61}},"23":{"start":{"line":29,"column":25},"end":{"line":29,"column":55}},"24":{"start":{"line":31,"column":2},"end":{"line":31,"column":80}},"25":{"start":{"line":32,"column":2},"end":{"line":36,"column":4}},"26":{"start":{"line":37,"column":2},"end":{"line":41,"column":4}},"27":{"start":{"line":43,"column":2},"end":{"line":45,"column":4}}},"fnMap":{"0":{"name":"(anonymous_0)","decl":{"start":{"line":10,"column":17},"end":{"line":10,"column":18}},"loc":{"start":{"line":10,"column":82},"end":{"line":46,"column":1}},"line":10}},"branchMap":{},"s":{"0":1,"1":1,"2":1,"3":1,"4":1,"5":1,"6":1,"7":1,"8":1,"9":1,"10":1,"11":1,"12":1,"13":1,"14":1,"15":1,"16":1,"17":1,"18":1,"19":1,"20":1,"21":1,"22":1,"23":1,"24":1,"25":1,"26":1,"27":1},"f":{"0":1},"b":{},"_coverageSchema":"43e27e138ebf9cfc5966b082cf9a028302ed4184","hash":"73a8bcd0a8fc9af450198a3bafc7ae75cfd1da7b"}
,"/Users/martinchin/Desktop/Prenetics/backend/server/middlewares/AuthMiddleware.js": {"path":"/Users/martinchin/Desktop/Prenetics/backend/server/middlewares/AuthMiddleware.js","statementMap":{"0":{"start":{"line":3,"column":4},"end":{"line":3,"column":19}},"1":{"start":{"line":4,"column":4},"end":{"line":4,"column":23}},"2":{"start":{"line":7,"column":23},"end":{"line":16,"column":3}},"3":{"start":{"line":8,"column":4},"end":{"line":15,"column":5}},"4":{"start":{"line":9,"column":26},"end":{"line":9,"column":65}},"5":{"start":{"line":10,"column":21},"end":{"line":10,"column":79}},"6":{"start":{"line":11,"column":6},"end":{"line":11,"column":22}},"7":{"start":{"line":12,"column":6},"end":{"line":12,"column":13}},"8":{"start":{"line":14,"column":6},"end":{"line":14,"column":79}},"9":{"start":{"line":19,"column":0},"end":{"line":19,"column":32}}},"fnMap":{"0":{"name":"(anonymous_0)","decl":{"start":{"line":2,"column":2},"end":{"line":2,"column":3}},"loc":{"start":{"line":2,"column":26},"end":{"line":5,"column":3}},"line":2},"1":{"name":"(anonymous_1)","decl":{"start":{"line":7,"column":23},"end":{"line":7,"column":24}},"loc":{"start":{"line":7,"column":49},"end":{"line":16,"column":3}},"line":7}},"branchMap":{},"s":{"0":3,"1":3,"2":3,"3":2,"4":2,"5":2,"6":1,"7":1,"8":1,"9":2},"f":{"0":3,"1":2},"b":{},"_coverageSchema":"43e27e138ebf9cfc5966b082cf9a028302ed4184","hash":"1c0d0b3e9ae25571558b0e5a21ab96dcea0ba22d"}
,"/Users/martinchin/Desktop/Prenetics/backend/server/middlewares/RequestValidation.js": {"path":"/Users/martinchin/Desktop/Prenetics/backend/server/middlewares/RequestValidation.js","statementMap":{"0":{"start":{"line":3,"column":4},"end":{"line":3,"column":19}},"1":{"start":{"line":4,"column":4},"end":{"line":4,"column":23}},"2":{"start":{"line":7,"column":22},"end":{"line":29,"column":3}},"3":{"start":{"line":8,"column":21},"end":{"line":8,"column":24}},"4":{"start":{"line":9,"column":19},"end":{"line":18,"column":6}},"5":{"start":{"line":19,"column":19},"end":{"line":19,"column":40}},"6":{"start":{"line":20,"column":22},"end":{"line":20,"column":28}},"7":{"start":{"line":21,"column":18},"end":{"line":21,"column":31}},"8":{"start":{"line":22,"column":4},"end":{"line":28,"column":5}},"9":{"start":{"line":23,"column":6},"end":{"line":23,"column":13}},"10":{"start":{"line":25,"column":6},"end":{"line":27,"column":97}},"11":{"start":{"line":31,"column":34},"end":{"line":46,"column":3}},"12":{"start":{"line":32,"column":22},"end":{"line":32,"column":25}},"13":{"start":{"line":33,"column":19},"end":{"line":35,"column":6}},"14":{"start":{"line":36,"column":19},"end":{"line":36,"column":41}},"15":{"start":{"line":37,"column":22},"end":{"line":37,"column":28}},"16":{"start":{"line":38,"column":18},"end":{"line":38,"column":31}},"17":{"start":{"line":39,"column":4},"end":{"line":45,"column":5}},"18":{"start":{"line":40,"column":6},"end":{"line":40,"column":13}},"19":{"start":{"line":42,"column":6},"end":{"line":44,"column":97}},"20":{"start":{"line":49,"column":0},"end":{"line":49,"column":35}}},"fnMap":{"0":{"name":"(anonymous_0)","decl":{"start":{"line":2,"column":2},"end":{"line":2,"column":3}},"loc":{"start":{"line":2,"column":26},"end":{"line":5,"column":3}},"line":2},"1":{"name":"(anonymous_1)","decl":{"start":{"line":7,"column":22},"end":{"line":7,"column":23}},"loc":{"start":{"line":7,"column":42},"end":{"line":29,"column":3}},"line":7},"2":{"name":"(anonymous_2)","decl":{"start":{"line":31,"column":34},"end":{"line":31,"column":35}},"loc":{"start":{"line":31,"column":54},"end":{"line":46,"column":3}},"line":31}},"branchMap":{"0":{"loc":{"start":{"line":22,"column":4},"end":{"line":28,"column":5}},"type":"if","locations":[{"start":{"line":22,"column":4},"end":{"line":28,"column":5}},{"start":{"line":22,"column":4},"end":{"line":28,"column":5}}],"line":22},"1":{"loc":{"start":{"line":39,"column":4},"end":{"line":45,"column":5}},"type":"if","locations":[{"start":{"line":39,"column":4},"end":{"line":45,"column":5}},{"start":{"line":39,"column":4},"end":{"line":45,"column":5}}],"line":39}},"s":{"0":6,"1":6,"2":6,"3":3,"4":3,"5":3,"6":3,"7":3,"8":3,"9":1,"10":2,"11":6,"12":2,"13":2,"14":2,"15":2,"16":2,"17":2,"18":1,"19":1,"20":2},"f":{"0":6,"1":3,"2":2},"b":{"0":[1,2],"1":[1,1]},"_coverageSchema":"43e27e138ebf9cfc5966b082cf9a028302ed4184","hash":"580ad440fee1818b2f98ea433ba7e537a4d220e8"}
,"/Users/martinchin/Desktop/Prenetics/backend/server/middlewares/index.js": {"path":"/Users/martinchin/Desktop/Prenetics/backend/server/middlewares/index.js","statementMap":{"0":{"start":{"line":1,"column":19},"end":{"line":1,"column":41}},"1":{"start":{"line":2,"column":0},"end":{"line":2,"column":34}}},"fnMap":{},"branchMap":{},"s":{"0":0,"1":0},"f":{},"b":{},"hash":"dd6adf679f3a0c1f012f0b14e2cc7bd9ab5a0686"}
,"/Users/martinchin/Desktop/Prenetics/backend/server/routers/AuthRouter.js": {"path":"/Users/martinchin/Desktop/Prenetics/backend/server/routers/AuthRouter.js","statementMap":{"0":{"start":{"line":1,"column":16},"end":{"line":1,"column":34}},"1":{"start":{"line":5,"column":4},"end":{"line":5,"column":35}},"2":{"start":{"line":6,"column":4},"end":{"line":6,"column":47}},"3":{"start":{"line":10,"column":19},"end":{"line":10,"column":35}},"4":{"start":{"line":11,"column":4},"end":{"line":15,"column":6}},"5":{"start":{"line":16,"column":4},"end":{"line":16,"column":18}},"6":{"start":{"line":20,"column":4},"end":{"line":27,"column":9}},"7":{"start":{"line":23,"column":8},"end":{"line":23,"column":28}},"8":{"start":{"line":26,"column":8},"end":{"line":26,"column":39}},"9":{"start":{"line":31,"column":0},"end":{"line":31,"column":28}}},"fnMap":{"0":{"name":"(anonymous_0)","decl":{"start":{"line":4,"column":2},"end":{"line":4,"column":3}},"loc":{"start":{"line":4,"column":46},"end":{"line":7,"column":3}},"line":4},"1":{"name":"(anonymous_1)","decl":{"start":{"line":9,"column":2},"end":{"line":9,"column":3}},"loc":{"start":{"line":9,"column":11},"end":{"line":17,"column":3}},"line":9},"2":{"name":"(anonymous_2)","decl":{"start":{"line":19,"column":2},"end":{"line":19,"column":3}},"loc":{"start":{"line":19,"column":18},"end":{"line":28,"column":3}},"line":19},"3":{"name":"(anonymous_3)","decl":{"start":{"line":22,"column":12},"end":{"line":22,"column":13}},"loc":{"start":{"line":22,"column":27},"end":{"line":24,"column":7}},"line":22},"4":{"name":"(anonymous_4)","decl":{"start":{"line":25,"column":13},"end":{"line":25,"column":14}},"loc":{"start":{"line":25,"column":20},"end":{"line":27,"column":7}},"line":25}},"branchMap":{},"s":{"0":2,"1":4,"2":4,"3":2,"4":2,"5":2,"6":2,"7":1,"8":1,"9":2},"f":{"0":4,"1":2,"2":2,"3":1,"4":1},"b":{},"_coverageSchema":"43e27e138ebf9cfc5966b082cf9a028302ed4184","hash":"a0ec78c155fe409910e6e3234004d1a8233ad155"}
,"/Users/martinchin/Desktop/Prenetics/backend/server/routers/GeneticRouter.js": {"path":"/Users/martinchin/Desktop/Prenetics/backend/server/routers/GeneticRouter.js","statementMap":{"0":{"start":{"line":1,"column":16},"end":{"line":1,"column":34}},"1":{"start":{"line":5,"column":4},"end":{"line":5,"column":41}},"2":{"start":{"line":6,"column":4},"end":{"line":6,"column":41}},"3":{"start":{"line":7,"column":4},"end":{"line":7,"column":47}},"4":{"start":{"line":11,"column":19},"end":{"line":11,"column":35}},"5":{"start":{"line":12,"column":4},"end":{"line":17,"column":6}},"6":{"start":{"line":18,"column":4},"end":{"line":18,"column":18}},"7":{"start":{"line":22,"column":4},"end":{"line":29,"column":9}},"8":{"start":{"line":25,"column":8},"end":{"line":25,"column":29}},"9":{"start":{"line":28,"column":8},"end":{"line":28,"column":39}},"10":{"start":{"line":33,"column":0},"end":{"line":33,"column":31}}},"fnMap":{"0":{"name":"(anonymous_0)","decl":{"start":{"line":4,"column":2},"end":{"line":4,"column":3}},"loc":{"start":{"line":4,"column":65},"end":{"line":8,"column":3}},"line":4},"1":{"name":"(anonymous_1)","decl":{"start":{"line":10,"column":2},"end":{"line":10,"column":3}},"loc":{"start":{"line":10,"column":11},"end":{"line":19,"column":3}},"line":10},"2":{"name":"(anonymous_2)","decl":{"start":{"line":21,"column":2},"end":{"line":21,"column":3}},"loc":{"start":{"line":21,"column":22},"end":{"line":30,"column":3}},"line":21},"3":{"name":"(anonymous_3)","decl":{"start":{"line":24,"column":12},"end":{"line":24,"column":13}},"loc":{"start":{"line":24,"column":22},"end":{"line":26,"column":7}},"line":24},"4":{"name":"(anonymous_4)","decl":{"start":{"line":27,"column":13},"end":{"line":27,"column":14}},"loc":{"start":{"line":27,"column":20},"end":{"line":29,"column":7}},"line":27}},"branchMap":{},"s":{"0":2,"1":4,"2":4,"3":4,"4":2,"5":2,"6":2,"7":2,"8":1,"9":1,"10":2},"f":{"0":4,"1":2,"2":2,"3":1,"4":1},"b":{},"_coverageSchema":"43e27e138ebf9cfc5966b082cf9a028302ed4184","hash":"f105e6544b695d38545d2f4319ab7d77ae6d7b94"}
,"/Users/martinchin/Desktop/Prenetics/backend/server/routers/UserRouter.js": {"path":"/Users/martinchin/Desktop/Prenetics/backend/server/routers/UserRouter.js","statementMap":{"0":{"start":{"line":1,"column":16},"end":{"line":1,"column":34}},"1":{"start":{"line":5,"column":4},"end":{"line":5,"column":35}},"2":{"start":{"line":6,"column":4},"end":{"line":6,"column":41}},"3":{"start":{"line":10,"column":19},"end":{"line":10,"column":35}},"4":{"start":{"line":11,"column":4},"end":{"line":15,"column":6}},"5":{"start":{"line":16,"column":4},"end":{"line":16,"column":18}},"6":{"start":{"line":20,"column":4},"end":{"line":27,"column":9}},"7":{"start":{"line":23,"column":8},"end":{"line":23,"column":27}},"8":{"start":{"line":26,"column":8},"end":{"line":26,"column":39}},"9":{"start":{"line":31,"column":0},"end":{"line":31,"column":28}}},"fnMap":{"0":{"name":"(anonymous_0)","decl":{"start":{"line":4,"column":2},"end":{"line":4,"column":3}},"loc":{"start":{"line":4,"column":43},"end":{"line":7,"column":3}},"line":4},"1":{"name":"(anonymous_1)","decl":{"start":{"line":9,"column":2},"end":{"line":9,"column":3}},"loc":{"start":{"line":9,"column":11},"end":{"line":17,"column":3}},"line":9},"2":{"name":"(anonymous_2)","decl":{"start":{"line":19,"column":2},"end":{"line":19,"column":3}},"loc":{"start":{"line":19,"column":28},"end":{"line":28,"column":3}},"line":19},"3":{"name":"(anonymous_3)","decl":{"start":{"line":22,"column":12},"end":{"line":22,"column":13}},"loc":{"start":{"line":22,"column":20},"end":{"line":24,"column":7}},"line":22},"4":{"name":"(anonymous_4)","decl":{"start":{"line":25,"column":13},"end":{"line":25,"column":14}},"loc":{"start":{"line":25,"column":20},"end":{"line":27,"column":7}},"line":25}},"branchMap":{},"s":{"0":2,"1":4,"2":4,"3":2,"4":2,"5":2,"6":2,"7":1,"8":1,"9":2},"f":{"0":4,"1":2,"2":2,"3":1,"4":1},"b":{},"_coverageSchema":"43e27e138ebf9cfc5966b082cf9a028302ed4184","hash":"66f0dbccce4eaf11fa6b0520147f2066a1cb554c"}
,"/Users/martinchin/Desktop/Prenetics/backend/server/routers/index.js": {"path":"/Users/martinchin/Desktop/Prenetics/backend/server/routers/index.js","statementMap":{"0":{"start":{"line":1,"column":19},"end":{"line":1,"column":41}},"1":{"start":{"line":2,"column":0},"end":{"line":2,"column":34}}},"fnMap":{},"branchMap":{},"s":{"0":0,"1":0},"f":{},"b":{},"hash":"23ba5f2d05382dc717f8f266a57afdbdef98f5e2"}
,"/Users/martinchin/Desktop/Prenetics/backend/server/services/AuthService.js": {"path":"/Users/martinchin/Desktop/Prenetics/backend/server/services/AuthService.js","statementMap":{"0":{"start":{"line":2,"column":0},"end":{"line":2,"column":27}},"1":{"start":{"line":6,"column":4},"end":{"line":6,"column":21}},"2":{"start":{"line":7,"column":4},"end":{"line":7,"column":19}},"3":{"start":{"line":8,"column":4},"end":{"line":8,"column":25}},"4":{"start":{"line":9,"column":4},"end":{"line":9,"column":25}},"5":{"start":{"line":10,"column":4},"end":{"line":10,"column":23}},"6":{"start":{"line":11,"column":4},"end":{"line":11,"column":25}},"7":{"start":{"line":12,"column":4},"end":{"line":12,"column":63}},"8":{"start":{"line":16,"column":4},"end":{"line":40,"column":5}},"9":{"start":{"line":17,"column":34},"end":{"line":17,"column":42}},"10":{"start":{"line":18,"column":24},"end":{"line":20,"column":30}},"11":{"start":{"line":21,"column":6},"end":{"line":23,"column":7}},"12":{"start":{"line":22,"column":8},"end":{"line":22,"column":55}},"13":{"start":{"line":24,"column":32},"end":{"line":24,"column":85}},"14":{"start":{"line":25,"column":6},"end":{"line":27,"column":7}},"15":{"start":{"line":26,"column":8},"end":{"line":26,"column":58}},"16":{"start":{"line":28,"column":22},"end":{"line":32,"column":7}},"17":{"start":{"line":33,"column":20},"end":{"line":35,"column":8}},"18":{"start":{"line":36,"column":6},"end":{"line":36,"column":23}},"19":{"start":{"line":38,"column":6},"end":{"line":38,"column":45}},"20":{"start":{"line":39,"column":6},"end":{"line":39,"column":64}},"21":{"start":{"line":44,"column":0},"end":{"line":44,"column":29}}},"fnMap":{"0":{"name":"(anonymous_0)","decl":{"start":{"line":5,"column":2},"end":{"line":5,"column":3}},"loc":{"start":{"line":5,"column":56},"end":{"line":13,"column":3}},"line":5},"1":{"name":"(anonymous_1)","decl":{"start":{"line":15,"column":2},"end":{"line":15,"column":3}},"loc":{"start":{"line":15,"column":19},"end":{"line":41,"column":3}},"line":15}},"branchMap":{"0":{"loc":{"start":{"line":12,"column":27},"end":{"line":12,"column":62}},"type":"binary-expr","locations":[{"start":{"line":12,"column":27},"end":{"line":12,"column":56}},{"start":{"line":12,"column":60},"end":{"line":12,"column":62}}],"line":12},"1":{"loc":{"start":{"line":21,"column":6},"end":{"line":23,"column":7}},"type":"if","locations":[{"start":{"line":21,"column":6},"end":{"line":23,"column":7}},{"start":{"line":21,"column":6},"end":{"line":23,"column":7}}],"line":21},"2":{"loc":{"start":{"line":25,"column":6},"end":{"line":27,"column":7}},"type":"if","locations":[{"start":{"line":25,"column":6},"end":{"line":27,"column":7}},{"start":{"line":25,"column":6},"end":{"line":27,"column":7}}],"line":25}},"s":{"0":2,"1":4,"2":4,"3":4,"4":4,"5":4,"6":4,"7":4,"8":3,"9":3,"10":3,"11":3,"12":1,"13":2,"14":2,"15":1,"16":1,"17":1,"18":1,"19":2,"20":2,"21":2},"f":{"0":4,"1":3},"b":{"0":[4,0],"1":[1,2],"2":[1,1]},"_coverageSchema":"43e27e138ebf9cfc5966b082cf9a028302ed4184","hash":"0f6b17a238d9054a35db163fbdb349f56a4c52c2"}
,"/Users/martinchin/Desktop/Prenetics/backend/server/services/GeneticService.js": {"path":"/Users/martinchin/Desktop/Prenetics/backend/server/services/GeneticService.js","statementMap":{"0":{"start":{"line":2,"column":0},"end":{"line":2,"column":27}},"1":{"start":{"line":6,"column":4},"end":{"line":6,"column":21}},"2":{"start":{"line":7,"column":4},"end":{"line":7,"column":25}},"3":{"start":{"line":8,"column":4},"end":{"line":8,"column":23}},"4":{"start":{"line":12,"column":4},"end":{"line":39,"column":5}},"5":{"start":{"line":13,"column":25},"end":{"line":13,"column":28}},"6":{"start":{"line":14,"column":23},"end":{"line":14,"column":32}},"7":{"start":{"line":15,"column":21},"end":{"line":17,"column":7}},"8":{"start":{"line":19,"column":6},"end":{"line":21,"column":7}},"9":{"start":{"line":20,"column":8},"end":{"line":20,"column":50}},"10":{"start":{"line":23,"column":21},"end":{"line":33,"column":16}},"11":{"start":{"line":35,"column":6},"end":{"line":35,"column":20}},"12":{"start":{"line":37,"column":6},"end":{"line":37,"column":58}},"13":{"start":{"line":38,"column":6},"end":{"line":38,"column":78}},"14":{"start":{"line":43,"column":0},"end":{"line":43,"column":32}}},"fnMap":{"0":{"name":"(anonymous_0)","decl":{"start":{"line":5,"column":2},"end":{"line":5,"column":3}},"loc":{"start":{"line":5,"column":35},"end":{"line":9,"column":3}},"line":5},"1":{"name":"(anonymous_1)","decl":{"start":{"line":11,"column":2},"end":{"line":11,"column":3}},"loc":{"start":{"line":11,"column":23},"end":{"line":40,"column":3}},"line":11}},"branchMap":{"0":{"loc":{"start":{"line":19,"column":6},"end":{"line":21,"column":7}},"type":"if","locations":[{"start":{"line":19,"column":6},"end":{"line":21,"column":7}},{"start":{"line":19,"column":6},"end":{"line":21,"column":7}}],"line":19},"1":{"loc":{"start":{"line":19,"column":10},"end":{"line":19,"column":45}},"type":"binary-expr","locations":[{"start":{"line":19,"column":10},"end":{"line":19,"column":28}},{"start":{"line":19,"column":32},"end":{"line":19,"column":45}}],"line":19}},"s":{"0":2,"1":3,"2":3,"3":3,"4":2,"5":2,"6":2,"7":2,"8":2,"9":1,"10":2,"11":1,"12":1,"13":1,"14":2},"f":{"0":3,"1":2},"b":{"0":[1,1],"1":[2,1]},"_coverageSchema":"43e27e138ebf9cfc5966b082cf9a028302ed4184","hash":"7f2a1273d427cd15806b63423a71f9737741b040"}
,"/Users/martinchin/Desktop/Prenetics/backend/server/services/UserService.js": {"path":"/Users/martinchin/Desktop/Prenetics/backend/server/services/UserService.js","statementMap":{"0":{"start":{"line":2,"column":0},"end":{"line":2,"column":27}},"1":{"start":{"line":6,"column":4},"end":{"line":6,"column":21}},"2":{"start":{"line":7,"column":4},"end":{"line":7,"column":25}},"3":{"start":{"line":8,"column":4},"end":{"line":8,"column":23}},"4":{"start":{"line":12,"column":4},"end":{"line":35,"column":5}},"5":{"start":{"line":13,"column":25},"end":{"line":13,"column":28}},"6":{"start":{"line":15,"column":23},"end":{"line":17,"column":7}},"7":{"start":{"line":19,"column":19},"end":{"line":29,"column":16}},"8":{"start":{"line":31,"column":6},"end":{"line":31,"column":18}},"9":{"start":{"line":33,"column":6},"end":{"line":33,"column":58}},"10":{"start":{"line":34,"column":6},"end":{"line":34,"column":78}},"11":{"start":{"line":39,"column":0},"end":{"line":39,"column":32}}},"fnMap":{"0":{"name":"(anonymous_0)","decl":{"start":{"line":5,"column":2},"end":{"line":5,"column":3}},"loc":{"start":{"line":5,"column":35},"end":{"line":9,"column":3}},"line":5},"1":{"name":"(anonymous_1)","decl":{"start":{"line":11,"column":2},"end":{"line":11,"column":3}},"loc":{"start":{"line":11,"column":29},"end":{"line":36,"column":3}},"line":11}},"branchMap":{},"s":{"0":2,"1":3,"2":3,"3":3,"4":2,"5":2,"6":2,"7":2,"8":1,"9":1,"10":1,"11":2},"f":{"0":3,"1":2},"b":{},"_coverageSchema":"43e27e138ebf9cfc5966b082cf9a028302ed4184","hash":"6565ccaf32b0bade3b753918f4fab837eea22458"}
,"/Users/martinchin/Desktop/Prenetics/backend/server/services/index.js": {"path":"/Users/martinchin/Desktop/Prenetics/backend/server/services/index.js","statementMap":{"0":{"start":{"line":1,"column":19},"end":{"line":1,"column":41}},"1":{"start":{"line":2,"column":0},"end":{"line":2,"column":34}}},"fnMap":{},"branchMap":{},"s":{"0":0,"1":0},"f":{},"b":{},"hash":"07c7ace490a793925dfb4972509654be0b9a8c75"}
,"/Users/martinchin/Desktop/Prenetics/backend/shared/error.js": {"path":"/Users/martinchin/Desktop/Prenetics/backend/shared/error.js","statementMap":{"0":{"start":{"line":2,"column":0},"end":{"line":2,"column":84}},"1":{"start":{"line":2,"column":55},"end":{"line":2,"column":82}}},"fnMap":{"0":{"name":"(anonymous_0)","decl":{"start":{"line":2,"column":25},"end":{"line":2,"column":26}},"loc":{"start":{"line":2,"column":55},"end":{"line":2,"column":82}},"line":2}},"branchMap":{},"s":{"0":6,"1":8},"f":{"0":8},"b":{},"_coverageSchema":"43e27e138ebf9cfc5966b082cf9a028302ed4184","hash":"0d0339031cd33aa45ceb7ffe97cf8def5a58b310"}
,"/Users/martinchin/Desktop/Prenetics/backend/utils/config.js": {"path":"/Users/martinchin/Desktop/Prenetics/backend/utils/config.js","statementMap":{"0":{"start":{"line":1,"column":0},"end":{"line":1,"column":27}},"1":{"start":{"line":3,"column":0},"end":{"line":8,"column":2}}},"fnMap":{},"branchMap":{"0":{"loc":{"start":{"line":4,"column":13},"end":{"line":4,"column":41}},"type":"binary-expr","locations":[{"start":{"line":4,"column":13},"end":{"line":4,"column":35}},{"start":{"line":4,"column":39},"end":{"line":4,"column":41}}],"line":4}},"s":{"0":1,"1":1},"f":{},"b":{"0":[1,0]},"_coverageSchema":"43e27e138ebf9cfc5966b082cf9a028302ed4184","hash":"4871a84f566bc11e608d735e41de58cb67ff28dc"}
,"/Users/martinchin/Desktop/Prenetics/backend/utils/logger.js": {"path":"/Users/martinchin/Desktop/Prenetics/backend/utils/logger.js","statementMap":{"0":{"start":{"line":1,"column":16},"end":{"line":1,"column":34}},"1":{"start":{"line":2,"column":21},"end":{"line":2,"column":37}},"2":{"start":{"line":6,"column":4},"end":{"line":8,"column":5}},"3":{"start":{"line":7,"column":6},"end":{"line":7,"column":26}},"4":{"start":{"line":10,"column":4},"end":{"line":10,"column":44}},"5":{"start":{"line":13,"column":29},"end":{"line":18,"column":6}},"6":{"start":{"line":16,"column":10},"end":{"line":16,"column":99}},"7":{"start":{"line":19,"column":4},"end":{"line":19,"column":39}},"8":{"start":{"line":20,"column":4},"end":{"line":20,"column":53}},"9":{"start":{"line":21,"column":4},"end":{"line":21,"column":24}},"10":{"start":{"line":25,"column":17},"end":{"line":27,"column":3}},"11":{"start":{"line":26,"column":4},"end":{"line":26,"column":52}},"12":{"start":{"line":29,"column":16},"end":{"line":31,"column":3}},"13":{"start":{"line":30,"column":4},"end":{"line":30,"column":51}},"14":{"start":{"line":33,"column":16},"end":{"line":35,"column":3}},"15":{"start":{"line":34,"column":4},"end":{"line":34,"column":51}},"16":{"start":{"line":37,"column":17},"end":{"line":39,"column":3}},"17":{"start":{"line":38,"column":4},"end":{"line":38,"column":92}},"18":{"start":{"line":41,"column":30},"end":{"line":45,"column":4}},"19":{"start":{"line":41,"column":57},"end":{"line":45,"column":3}},"20":{"start":{"line":48,"column":0},"end":{"line":48,"column":30}}},"fnMap":{"0":{"name":"(anonymous_0)","decl":{"start":{"line":5,"column":2},"end":{"line":5,"column":3}},"loc":{"start":{"line":5,"column":22},"end":{"line":22,"column":3}},"line":5},"1":{"name":"(anonymous_1)","decl":{"start":{"line":15,"column":8},"end":{"line":15,"column":9}},"loc":{"start":{"line":16,"column":10},"end":{"line":16,"column":99}},"line":16},"2":{"name":"(anonymous_2)","decl":{"start":{"line":25,"column":17},"end":{"line":25,"column":18}},"loc":{"start":{"line":25,"column":50},"end":{"line":27,"column":3}},"line":25},"3":{"name":"(anonymous_3)","decl":{"start":{"line":29,"column":16},"end":{"line":29,"column":17}},"loc":{"start":{"line":29,"column":49},"end":{"line":31,"column":3}},"line":29},"4":{"name":"(anonymous_4)","decl":{"start":{"line":33,"column":16},"end":{"line":33,"column":17}},"loc":{"start":{"line":33,"column":49},"end":{"line":35,"column":3}},"line":33},"5":{"name":"(anonymous_5)","decl":{"start":{"line":37,"column":17},"end":{"line":37,"column":18}},"loc":{"start":{"line":37,"column":64},"end":{"line":39,"column":3}},"line":37},"6":{"name":"(anonymous_6)","decl":{"start":{"line":41,"column":30},"end":{"line":41,"column":31}},"loc":{"start":{"line":41,"column":57},"end":{"line":45,"column":3}},"line":41}},"branchMap":{"0":{"loc":{"start":{"line":6,"column":4},"end":{"line":8,"column":5}},"type":"if","locations":[{"start":{"line":6,"column":4},"end":{"line":8,"column":5}},{"start":{"line":6,"column":4},"end":{"line":8,"column":5}}],"line":6},"1":{"loc":{"start":{"line":25,"column":27},"end":{"line":25,"column":45}},"type":"default-arg","locations":[{"start":{"line":25,"column":41},"end":{"line":25,"column":45}}],"line":25},"2":{"loc":{"start":{"line":29,"column":26},"end":{"line":29,"column":44}},"type":"default-arg","locations":[{"start":{"line":29,"column":40},"end":{"line":29,"column":44}}],"line":29},"3":{"loc":{"start":{"line":33,"column":26},"end":{"line":33,"column":44}},"type":"default-arg","locations":[{"start":{"line":33,"column":40},"end":{"line":33,"column":44}}],"line":33},"4":{"loc":{"start":{"line":37,"column":27},"end":{"line":37,"column":39}},"type":"default-arg","locations":[{"start":{"line":37,"column":35},"end":{"line":37,"column":39}}],"line":37},"5":{"loc":{"start":{"line":37,"column":41},"end":{"line":37,"column":59}},"type":"default-arg","locations":[{"start":{"line":37,"column":55},"end":{"line":37,"column":59}}],"line":37},"6":{"loc":{"start":{"line":41,"column":31},"end":{"line":41,"column":39}},"type":"default-arg","locations":[{"start":{"line":41,"column":37},"end":{"line":41,"column":39}}],"line":41},"7":{"loc":{"start":{"line":41,"column":41},"end":{"line":41,"column":51}},"type":"default-arg","locations":[{"start":{"line":41,"column":49},"end":{"line":41,"column":51}}],"line":41},"8":{"loc":{"start":{"line":43,"column":18},"end":{"line":43,"column":45}},"type":"binary-expr","locations":[{"start":{"line":43,"column":18},"end":{"line":43,"column":31}},{"start":{"line":43,"column":35},"end":{"line":43,"column":45}}],"line":43},"9":{"loc":{"start":{"line":44,"column":16},"end":{"line":44,"column":48}},"type":"binary-expr","locations":[{"start":{"line":44,"column":16},"end":{"line":44,"column":27}},{"start":{"line":44,"column":31},"end":{"line":44,"column":48}}],"line":44}},"s":{"0":1,"1":1,"2":0,"3":0,"4":0,"5":0,"6":0,"7":0,"8":0,"9":0,"10":1,"11":0,"12":1,"13":0,"14":1,"15":0,"16":1,"17":0,"18":1,"19":0,"20":1},"f":{"0":0,"1":0,"2":0,"3":0,"4":0,"5":0,"6":0},"b":{"0":[0,0],"1":[0],"2":[0],"3":[0],"4":[0],"5":[0],"6":[0],"7":[0],"8":[0,0],"9":[0,0]},"_coverageSchema":"43e27e138ebf9cfc5966b082cf9a028302ed4184","hash":"648c2b844a62f1086fb80dde31ca1840977ad7ff"}
,"/Users/martinchin/Desktop/Prenetics/backend/utils/passport.js": {"path":"/Users/martinchin/Desktop/Prenetics/backend/utils/passport.js","statementMap":{"0":{"start":{"line":1,"column":17},"end":{"line":1,"column":36}},"1":{"start":{"line":2,"column":20},"end":{"line":2,"column":43}},"2":{"start":{"line":3,"column":19},"end":{"line":3,"column":41}},"3":{"start":{"line":5,"column":0},"end":{"line":44,"column":2}},"4":{"start":{"line":6,"column":15},"end":{"line":9,"column":3}},"5":{"start":{"line":11,"column":19},"end":{"line":27,"column":4}},"6":{"start":{"line":12,"column":4},"end":{"line":14,"column":5}},"7":{"start":{"line":13,"column":6},"end":{"line":13,"column":59}},"8":{"start":{"line":15,"column":22},"end":{"line":19,"column":14}},"9":{"start":{"line":20,"column":4},"end":{"line":26,"column":7}},"10":{"start":{"line":21,"column":6},"end":{"line":25,"column":7}},"11":{"start":{"line":22,"column":8},"end":{"line":22,"column":36}},"12":{"start":{"line":24,"column":8},"end":{"line":24,"column":61}},"13":{"start":{"line":29,"column":2},"end":{"line":29,"column":25}},"14":{"start":{"line":31,"column":2},"end":{"line":43,"column":4}},"15":{"start":{"line":33,"column":6},"end":{"line":33,"column":35}},"16":{"start":{"line":35,"column":24},"end":{"line":42,"column":5}},"17":{"start":{"line":36,"column":6},"end":{"line":41,"column":25}},"18":{"start":{"line":37,"column":8},"end":{"line":39,"column":9}},"19":{"start":{"line":38,"column":10},"end":{"line":38,"column":67}},"20":{"start":{"line":40,"column":8},"end":{"line":40,"column":22}}},"fnMap":{"0":{"name":"(anonymous_0)","decl":{"start":{"line":5,"column":17},"end":{"line":5,"column":18}},"loc":{"start":{"line":5,"column":35},"end":{"line":44,"column":1}},"line":5},"1":{"name":"(anonymous_1)","decl":{"start":{"line":11,"column":50},"end":{"line":11,"column":51}},"loc":{"start":{"line":11,"column":69},"end":{"line":27,"column":3}},"line":11},"2":{"name":"(anonymous_2)","decl":{"start":{"line":20,"column":19},"end":{"line":20,"column":20}},"loc":{"start":{"line":20,"column":27},"end":{"line":26,"column":5}},"line":20},"3":{"name":"(anonymous_3)","decl":{"start":{"line":32,"column":16},"end":{"line":32,"column":17}},"loc":{"start":{"line":32,"column":22},"end":{"line":34,"column":5}},"line":32},"4":{"name":"(anonymous_4)","decl":{"start":{"line":35,"column":18},"end":{"line":35,"column":19}},"loc":{"start":{"line":35,"column":24},"end":{"line":42,"column":5}},"line":35},"5":{"name":"(anonymous_5)","decl":{"start":{"line":35,"column":24},"end":{"line":35,"column":25}},"loc":{"start":{"line":35,"column":44},"end":{"line":42,"column":5}},"line":35},"6":{"name":"(anonymous_6)","decl":{"start":{"line":36,"column":61},"end":{"line":36,"column":62}},"loc":{"start":{"line":36,"column":88},"end":{"line":41,"column":7}},"line":36}},"branchMap":{"0":{"loc":{"start":{"line":12,"column":4},"end":{"line":14,"column":5}},"type":"if","locations":[{"start":{"line":12,"column":4},"end":{"line":14,"column":5}},{"start":{"line":12,"column":4},"end":{"line":14,"column":5}}],"line":12},"1":{"loc":{"start":{"line":12,"column":8},"end":{"line":12,"column":65}},"type":"binary-expr","locations":[{"start":{"line":12,"column":8},"end":{"line":12,"column":20}},{"start":{"line":12,"column":24},"end":{"line":12,"column":65}}],"line":12},"2":{"loc":{"start":{"line":18,"column":22},"end":{"line":18,"column":41}},"type":"binary-expr","locations":[{"start":{"line":18,"column":22},"end":{"line":18,"column":35}},{"start":{"line":18,"column":39},"end":{"line":18,"column":41}}],"line":18},"3":{"loc":{"start":{"line":21,"column":6},"end":{"line":25,"column":7}},"type":"if","locations":[{"start":{"line":21,"column":6},"end":{"line":25,"column":7}},{"start":{"line":21,"column":6},"end":{"line":25,"column":7}}],"line":21},"4":{"loc":{"start":{"line":37,"column":8},"end":{"line":39,"column":9}},"type":"if","locations":[{"start":{"line":37,"column":8},"end":{"line":39,"column":9}},{"start":{"line":37,"column":8},"end":{"line":39,"column":9}}],"line":37},"5":{"loc":{"start":{"line":37,"column":12},"end":{"line":37,"column":32}},"type":"binary-expr","locations":[{"start":{"line":37,"column":12},"end":{"line":37,"column":15}},{"start":{"line":37,"column":19},"end":{"line":37,"column":23}},{"start":{"line":37,"column":27},"end":{"line":37,"column":32}}],"line":37}},"s":{"0":1,"1":1,"2":1,"3":1,"4":1,"5":1,"6":0,"7":0,"8":0,"9":0,"10":0,"11":0,"12":0,"13":1,"14":1,"15":1,"16":2,"17":2,"18":2,"19":2,"20":0},"f":{"0":1,"1":0,"2":0,"3":1,"4":2,"5":2,"6":2},"b":{"0":[0,0],"1":[0,0],"2":[0,0],"3":[0,0],"4":[2,0],"5":[2,2,0]},"_coverageSchema":"43e27e138ebf9cfc5966b082cf9a028302ed4184","hash":"96efa3d9f8e2b02fee3c0688908abc63a7747330"}
}
