TN:
SF:/Users/martinchin/Desktop/Prenetics/backend/index.js
FN:19,(anonymous_0)
FNF:1
FNH:0
FNDA:0,(anonymous_0)
DA:1,0
DA:2,0
DA:3,0
DA:4,0
DA:5,0
DA:6,0
DA:7,0
DA:8,0
DA:9,0
DA:10,0
DA:11,0
DA:12,0
DA:15,0
DA:17,0
DA:19,0
DA:20,0
LF:16
LH:0
BRDA:2,0,0,0
BRDA:2,0,1,0
BRDA:3,1,0,0
BRDA:3,1,1,0
BRF:4
BRH:0
end_of_record
TN:
SF:/Users/martinchin/Desktop/Prenetics/backend/knexfile.js
FN:17,(anonymous_0)
FN:18,(anonymous_1)
FN:40,(anonymous_2)
FN:41,(anonymous_3)
FN:63,(anonymous_4)
FN:64,(anonymous_5)
FNF:6
FNH:0
FNDA:0,(anonymous_0)
FNDA:0,(anonymous_1)
FNDA:0,(anonymous_2)
FNDA:0,(anonymous_3)
FNDA:0,(anonymous_4)
FNDA:0,(anonymous_5)
DA:1,1
DA:3,1
DA:18,0
DA:19,0
DA:41,0
DA:42,0
DA:64,0
DA:65,0
LF:8
LH:2
BRF:0
BRH:0
end_of_record
TN:
SF:/Users/martinchin/Desktop/Prenetics/backend/server/main.js
FN:10,(anonymous_0)
FNF:1
FNH:1
FNDA:1,(anonymous_0)
DA:1,1
DA:2,1
DA:3,1
DA:4,1
DA:5,1
DA:6,1
DA:7,1
DA:8,1
DA:10,1
DA:11,1
DA:12,1
DA:13,1
DA:15,1
DA:16,1
DA:18,1
DA:19,1
DA:20,1
DA:21,1
DA:22,1
DA:24,1
DA:25,1
DA:26,1
DA:28,1
DA:29,1
DA:31,1
DA:32,1
DA:37,1
DA:43,1
LF:28
LH:28
BRF:0
BRH:0
end_of_record
TN:
SF:/Users/martinchin/Desktop/Prenetics/backend/server/middlewares/AuthMiddleware.js
FN:2,(anonymous_0)
FN:7,(anonymous_1)
FNF:2
FNH:2
FNDA:3,(anonymous_0)
FNDA:2,(anonymous_1)
DA:3,3
DA:4,3
DA:7,3
DA:8,2
DA:9,2
DA:10,2
DA:11,1
DA:12,1
DA:14,1
DA:19,2
LF:10
LH:10
BRF:0
BRH:0
end_of_record
TN:
SF:/Users/martinchin/Desktop/Prenetics/backend/server/middlewares/RequestValidation.js
FN:2,(anonymous_0)
FN:7,(anonymous_1)
FN:31,(anonymous_2)
FNF:3
FNH:3
FNDA:6,(anonymous_0)
FNDA:3,(anonymous_1)
FNDA:2,(anonymous_2)
DA:3,6
DA:4,6
DA:7,6
DA:8,3
DA:9,3
DA:19,3
DA:20,3
DA:21,3
DA:22,3
DA:23,1
DA:25,2
DA:31,6
DA:32,2
DA:33,2
DA:36,2
DA:37,2
DA:38,2
DA:39,2
DA:40,1
DA:42,1
DA:49,2
LF:21
LH:21
BRDA:22,0,0,1
BRDA:22,0,1,2
BRDA:39,1,0,1
BRDA:39,1,1,1
BRF:4
BRH:4
end_of_record
TN:
SF:/Users/martinchin/Desktop/Prenetics/backend/server/middlewares/index.js
FNF:0
FNH:0
DA:1,0
DA:2,0
LF:2
LH:0
BRF:0
BRH:0
end_of_record
TN:
SF:/Users/martinchin/Desktop/Prenetics/backend/server/routers/AuthRouter.js
FN:4,(anonymous_0)
FN:9,(anonymous_1)
FN:19,(anonymous_2)
FN:22,(anonymous_3)
FN:25,(anonymous_4)
FNF:5
FNH:5
FNDA:4,(anonymous_0)
FNDA:2,(anonymous_1)
FNDA:2,(anonymous_2)
FNDA:1,(anonymous_3)
FNDA:1,(anonymous_4)
DA:1,2
DA:5,4
DA:6,4
DA:10,2
DA:11,2
DA:16,2
DA:20,2
DA:23,1
DA:26,1
DA:31,2
LF:10
LH:10
BRF:0
BRH:0
end_of_record
TN:
SF:/Users/martinchin/Desktop/Prenetics/backend/server/routers/GeneticRouter.js
FN:4,(anonymous_0)
FN:10,(anonymous_1)
FN:21,(anonymous_2)
FN:24,(anonymous_3)
FN:27,(anonymous_4)
FNF:5
FNH:5
FNDA:4,(anonymous_0)
FNDA:2,(anonymous_1)
FNDA:2,(anonymous_2)
FNDA:1,(anonymous_3)
FNDA:1,(anonymous_4)
DA:1,2
DA:5,4
DA:6,4
DA:7,4
DA:11,2
DA:12,2
DA:18,2
DA:22,2
DA:25,1
DA:28,1
DA:33,2
LF:11
LH:11
BRF:0
BRH:0
end_of_record
TN:
SF:/Users/martinchin/Desktop/Prenetics/backend/server/routers/UserRouter.js
FN:4,(anonymous_0)
FN:9,(anonymous_1)
FN:19,(anonymous_2)
FN:22,(anonymous_3)
FN:25,(anonymous_4)
FNF:5
FNH:5
FNDA:4,(anonymous_0)
FNDA:2,(anonymous_1)
FNDA:2,(anonymous_2)
FNDA:1,(anonymous_3)
FNDA:1,(anonymous_4)
DA:1,2
DA:5,4
DA:6,4
DA:10,2
DA:11,2
DA:16,2
DA:20,2
DA:23,1
DA:26,1
DA:31,2
LF:10
LH:10
BRF:0
BRH:0
end_of_record
TN:
SF:/Users/martinchin/Desktop/Prenetics/backend/server/routers/index.js
FNF:0
FNH:0
DA:1,0
DA:2,0
LF:2
LH:0
BRF:0
BRH:0
end_of_record
TN:
SF:/Users/martinchin/Desktop/Prenetics/backend/server/services/AuthService.js
FN:5,(anonymous_0)
FN:15,(anonymous_1)
FNF:2
FNH:2
FNDA:4,(anonymous_0)
FNDA:3,(anonymous_1)
DA:2,2
DA:6,4
DA:7,4
DA:8,4
DA:9,4
DA:10,4
DA:11,4
DA:12,4
DA:16,3
DA:17,3
DA:18,3
DA:21,3
DA:22,1
DA:24,2
DA:25,2
DA:26,1
DA:28,1
DA:33,1
DA:36,1
DA:38,2
DA:39,2
DA:44,2
LF:22
LH:22
BRDA:12,0,0,4
BRDA:12,0,1,0
BRDA:21,1,0,1
BRDA:21,1,1,2
BRDA:25,2,0,1
BRDA:25,2,1,1
BRF:6
BRH:5
end_of_record
TN:
SF:/Users/martinchin/Desktop/Prenetics/backend/server/services/GeneticService.js
FN:5,(anonymous_0)
FN:11,(anonymous_1)
FNF:2
FNH:2
FNDA:3,(anonymous_0)
FNDA:2,(anonymous_1)
DA:2,2
DA:6,3
DA:7,3
DA:8,3
DA:12,2
DA:13,2
DA:14,2
DA:15,2
DA:19,2
DA:20,1
DA:23,2
DA:35,1
DA:37,1
DA:38,1
DA:43,2
LF:15
LH:15
BRDA:19,0,0,1
BRDA:19,0,1,1
BRDA:19,1,0,2
BRDA:19,1,1,1
BRF:4
BRH:4
end_of_record
TN:
SF:/Users/martinchin/Desktop/Prenetics/backend/server/services/UserService.js
FN:5,(anonymous_0)
FN:11,(anonymous_1)
FNF:2
FNH:2
FNDA:3,(anonymous_0)
FNDA:2,(anonymous_1)
DA:2,2
DA:6,3
DA:7,3
DA:8,3
DA:12,2
DA:13,2
DA:15,2
DA:19,2
DA:31,1
DA:33,1
DA:34,1
DA:39,2
LF:12
LH:12
BRF:0
BRH:0
end_of_record
TN:
SF:/Users/martinchin/Desktop/Prenetics/backend/server/services/index.js
FNF:0
FNH:0
DA:1,0
DA:2,0
LF:2
LH:0
BRF:0
BRH:0
end_of_record
TN:
SF:/Users/martinchin/Desktop/Prenetics/backend/shared/error.js
FN:2,(anonymous_0)
FNF:1
FNH:1
FNDA:8,(anonymous_0)
DA:2,8
LF:1
LH:1
BRF:0
BRH:0
end_of_record
TN:
SF:/Users/martinchin/Desktop/Prenetics/backend/utils/config.js
FNF:0
FNH:0
DA:1,1
DA:3,1
LF:2
LH:2
BRDA:4,0,0,1
BRDA:4,0,1,0
BRF:2
BRH:1
end_of_record
TN:
SF:/Users/martinchin/Desktop/Prenetics/backend/utils/logger.js
FN:5,(anonymous_0)
FN:15,(anonymous_1)
FN:25,(anonymous_2)
FN:29,(anonymous_3)
FN:33,(anonymous_4)
FN:37,(anonymous_5)
FN:41,(anonymous_6)
FNF:7
FNH:0
FNDA:0,(anonymous_0)
FNDA:0,(anonymous_1)
FNDA:0,(anonymous_2)
FNDA:0,(anonymous_3)
FNDA:0,(anonymous_4)
FNDA:0,(anonymous_5)
FNDA:0,(anonymous_6)
DA:1,1
DA:2,1
DA:6,0
DA:7,0
DA:10,0
DA:13,0
DA:16,0
DA:19,0
DA:20,0
DA:21,0
DA:25,1
DA:26,0
DA:29,1
DA:30,0
DA:33,1
DA:34,0
DA:37,1
DA:38,0
DA:41,1
DA:48,1
LF:20
LH:8
BRDA:6,0,0,0
BRDA:6,0,1,0
BRDA:25,1,0,0
BRDA:29,2,0,0
BRDA:33,3,0,0
BRDA:37,4,0,0
BRDA:37,5,0,0
BRDA:41,6,0,0
BRDA:41,7,0,0
BRDA:43,8,0,0
BRDA:43,8,1,0
BRDA:44,9,0,0
BRDA:44,9,1,0
BRF:13
BRH:0
end_of_record
TN:
SF:/Users/martinchin/Desktop/Prenetics/backend/utils/passport.js
FN:5,(anonymous_0)
FN:11,(anonymous_1)
FN:20,(anonymous_2)
FN:32,(anonymous_3)
FN:35,(anonymous_4)
FN:35,(anonymous_5)
FN:36,(anonymous_6)
FNF:7
FNH:5
FNDA:1,(anonymous_0)
FNDA:0,(anonymous_1)
FNDA:0,(anonymous_2)
FNDA:1,(anonymous_3)
FNDA:2,(anonymous_4)
FNDA:2,(anonymous_5)
FNDA:2,(anonymous_6)
DA:1,1
DA:2,1
DA:3,1
DA:5,1
DA:6,1
DA:11,1
DA:12,0
DA:13,0
DA:15,0
DA:20,0
DA:21,0
DA:22,0
DA:24,0
DA:29,1
DA:31,1
DA:33,1
DA:35,2
DA:36,2
DA:37,2
DA:38,2
DA:40,0
LF:21
LH:13
BRDA:12,0,0,0
BRDA:12,0,1,0
BRDA:12,1,0,0
BRDA:12,1,1,0
BRDA:18,2,0,0
BRDA:18,2,1,0
BRDA:21,3,0,0
BRDA:21,3,1,0
BRDA:37,4,0,2
BRDA:37,4,1,0
BRDA:37,5,0,2
BRDA:37,5,1,2
BRDA:37,5,2,0
BRF:13
BRH:3
end_of_record
